<?xml version="1.0" encoding="UTF-8"?>
<!-- Generated by org.testng.reporters.JUnitXMLReporter -->
<testsuite hostname="GOVTECH-CTMO-02" ignored="0" name="Default test" tests="5" failures="0" timestamp="15 Feb 2017 08:52:09 GMT" time="22.007" errors="0">
  <testcase name="TC1_OpenBrowser" time="2.682" classname="eMail.GmailDemo"/>
  <testcase name="TC2_LaunchGoogle" time="1.223" classname="eMail.GmailDemo"/>
  <testcase name="TC3_validlogin" time="0.987" classname="eMail.GmailDemo"/>
  <testcase name="TC4_Compose" time="12.393" classname="eMail.GmailDemo"/>
  <testcase name="TC5_SignOut" time="4.69" classname="eMail.GmailDemo"/>
</testsuite> <!-- Default test -->
