<?xml version="1.0" encoding="UTF-8"?>
<testng-results skipped="0" failed="0" ignored="0" total="5" passed="5">
  <reporter-output>
  </reporter-output>
  <suite name="Default suite" duration-ms="22351" started-at="2017-02-06T09:33:20Z" finished-at="2017-02-06T09:33:43Z">
    <groups>
    </groups>
    <test name="Default test" duration-ms="22351" started-at="2017-02-06T09:33:20Z" finished-at="2017-02-06T09:33:43Z">
      <class name="eMail.GmailDemo">
        <test-method status="PASS" signature="driverLaunch()[pri:0, instance:eMail.GmailDemo@73846619]" name="driverLaunch" is-config="true" duration-ms="8" started-at="2017-02-06T17:33:20Z" finished-at="2017-02-06T17:33:20Z">
          <reporter-output>
          </reporter-output>
        </test-method> <!-- driverLaunch -->
        <test-method status="PASS" signature="TC1_OpenBrowser()[pri:1, instance:eMail.GmailDemo@73846619]" name="TC1_OpenBrowser" duration-ms="2632" started-at="2017-02-06T17:33:20Z" finished-at="2017-02-06T17:33:23Z">
          <reporter-output>
          </reporter-output>
        </test-method> <!-- TC1_OpenBrowser -->
        <test-method status="PASS" signature="TC2_LaunchGoogle()[pri:2, instance:eMail.GmailDemo@73846619]" name="TC2_LaunchGoogle" duration-ms="1529" started-at="2017-02-06T17:33:23Z" finished-at="2017-02-06T17:33:24Z">
          <reporter-output>
          </reporter-output>
        </test-method> <!-- TC2_LaunchGoogle -->
        <test-method status="PASS" signature="TC3_validlogin()[pri:3, instance:eMail.GmailDemo@73846619]" name="TC3_validlogin" duration-ms="1108" started-at="2017-02-06T17:33:24Z" finished-at="2017-02-06T17:33:26Z">
          <reporter-output>
          </reporter-output>
        </test-method> <!-- TC3_validlogin -->
        <test-method status="PASS" signature="TC4_Compose()[pri:4, instance:eMail.GmailDemo@73846619]" name="TC4_Compose" duration-ms="12406" started-at="2017-02-06T17:33:26Z" finished-at="2017-02-06T17:33:38Z">
          <reporter-output>
          </reporter-output>
        </test-method> <!-- TC4_Compose -->
        <test-method status="PASS" signature="TC5_SignOut()[pri:5, instance:eMail.GmailDemo@73846619]" name="TC5_SignOut" duration-ms="4649" started-at="2017-02-06T17:33:38Z" finished-at="2017-02-06T17:33:43Z">
          <reporter-output>
          </reporter-output>
        </test-method> <!-- TC5_SignOut -->
      </class> <!-- eMail.GmailDemo -->
    </test> <!-- Default test -->
  </suite> <!-- Default suite -->
</testng-results>
